-------------------------------------------------------------------------------
Test set: com.naman.learning.ShapesTest
-------------------------------------------------------------------------------
Tests run: 2, Failures: 1, Errors: 0, Skipped: 0, Time elapsed: 0.246 s <<< FAILURE! -- in com.naman.learning.ShapesTest
com.naman.learning.ShapesTest.testComputeCircleArea -- Time elapsed: 0.028 s <<< FAILURE!
org.opentest4j.AssertionFailedError: Expected 314 ==> expected: <315.0> but was: <314.0>
	at org.junit.jupiter.api.Assertions.assertEquals(Assertions.java:1018)
	at com.naman.learning.ShapesTest.testComputeCircleArea(ShapesTest.java:18)

